
(pyTorch2_cuda117) D:\Users\yapchen\Documents\Github\GHCFL_Nikkie>new_runnerfile.bat

(pyTorch2_cuda117) D:\Users\yapchen\Documents\Github\GHCFL_Nikkie>python main_multiDS.py --repeat 1 --data_group molecules --seed 10 --epsilon1 0.08 --epsilon2 0.4 --seq_length 5 --num_rounds 50 --comm_threshold 1
Output Path: ./outputs\seqLen5\multiDS-nonOverlap\molecules\eps_0.08_0.4
Preparing data (original features) ...
@@@ molecules
  ** MUTAG 188
C:\Users\yapchen\Anaconda3\envs\pyTorch2_cuda117\lib\site-packages\torch_geometric\deprecation.py:22: UserWarning: 'data.DataLoader' is deprecated, use 'loader.DataLoader' instead
  warnings.warn(out)
  ** BZR 405
C:\Users\yapchen\Anaconda3\envs\pyTorch2_cuda117\lib\site-packages\torch_geometric\deprecation.py:22: UserWarning: 'data.DataLoader' is deprecated, use 'loader.DataLoader' instead
  warnings.warn(out)
  ** COX2 467
C:\Users\yapchen\Anaconda3\envs\pyTorch2_cuda117\lib\site-packages\torch_geometric\deprecation.py:22: UserWarning: 'data.DataLoader' is deprecated, use 'loader.DataLoader' instead
  warnings.warn(out)
  ** DHFR 756
C:\Users\yapchen\Anaconda3\envs\pyTorch2_cuda117\lib\site-packages\torch_geometric\deprecation.py:22: UserWarning: 'data.DataLoader' is deprecated, use 'loader.DataLoader' instead
  warnings.warn(out)
  ** PTC_MR 344
C:\Users\yapchen\Anaconda3\envs\pyTorch2_cuda117\lib\site-packages\torch_geometric\deprecation.py:22: UserWarning: 'data.DataLoader' is deprecated, use 'loader.DataLoader' instead
  warnings.warn(out)
  ** AIDS 2000
C:\Users\yapchen\Anaconda3\envs\pyTorch2_cuda117\lib\site-packages\torch_geometric\deprecation.py:22: UserWarning: 'data.DataLoader' is deprecated, use 'loader.DataLoader' instead
  warnings.warn(out)
  ** NCI1 4110
C:\Users\yapchen\Anaconda3\envs\pyTorch2_cuda117\lib\site-packages\torch_geometric\deprecation.py:22: UserWarning: 'data.DataLoader' is deprecated, use 'loader.DataLoader' instead
  warnings.warn(out)
Done
Wrote to ./outputs\seqLen5\multiDS-nonOverlap\molecules\eps_0.08_0.4\repeats\1_stats_trainData.csv

Done setting up devices.
  > round 50
final accs: [0.631578947368421, 0.7804878048780488, 0.7872340425531915, 0.6052631578947368, 0.5714285714285714, 0.98, 0.6982968369829684]
        test_acc
MUTAG   0.631579
BZR     0.780488
COX2    0.787234
DHFR    0.605263
PTC_MR  0.571429
AIDS    0.980000
NCI1    0.698297
running hierarchical clustering...

clusters1:
 [2 1 1 1 1 1 1]
BZR
COX2
DHFR
PTC_MR
AIDS
NCI1
&&&&
MUTAG
&&&&
  > round 50

mean_accs: [0.6927618298774411, 0.6584502950445297, 0.6759089573415652, 0.6862662243359542, 0.6852425886042894, 0.6979276772382831, 0.7033326129351896, 0.7037949000398125, 0.7080806143255266, 0.710532821485763, 0.7116138086251445, 0.7109186400467642, 0.7119613929143346, 0.7119613929143346, 0.7095283028900037, 0.7345177838917781, 0.7327798624458274, 0.7410129451525945, 0.7424223994452605, 0.7413796465776901, 0.7424223994452605, 0.7417463480027856, 0.7417272308668802, 0.7420748151560703, 0.7363130567454451, 0.7349036024527792, 0.7349227195886846, 0.735965472456255, 0.7349227195886846, 0.7355987710311594, 0.735965472456255, 0.7363130567454451, 0.735965472456255, 0.7356178881670649, 0.7394413153481564, 0.7383985624805859, 0.7355987710311594, 0.735965472456255, 0.7335323824319241, 0.735965472456255, 0.7356178881670649, 0.7366606410346354, 0.735965472456255, 0.7356178881670649, 0.7349036024527792, 0.7410511794244055, 0.7424415165811659, 0.749960313573647, 0.7431366851595461, 0.743465152312831]
        test_acc
MUTAG   0.842105
BZR     0.780488
COX2    0.787234
DHFR    0.605263
PTC_MR  0.571429
AIDS    0.990000
NCI1    0.627737
mean_accs_fedavg [0.6179862569513823, 0.6323166606457067, 0.6994569566411697, 0.6824810314266737, 0.6869805100502401, 0.6908039372313315, 0.6968466900989017, 0.6988331343116234, 0.6956092900293849, 0.7085846115448524, 0.7113844029942789, 0.7186516456577677, 0.7159794672973723, 0.7188366101545152, 0.7212888173147516, 0.7164226372660897, 0.7216555187398471, 0.7192415458514217, 0.723064973032513, 0.7257753856647193, 0.7220413373008483, 0.7241459601718946, 0.724126843035989, 0.7216937530116582, 0.7234316744576088, 0.7209985844332779, 0.7216937530116582, 0.7237792587467988, 0.7234507915935142, 0.7234507915935142, 0.7244744273251792, 0.722755623015134, 0.7213270515865624, 0.723064973032513, 0.7216746358757525, 0.7234125573217032, 0.7278608913998601, 0.7237792587467988, 0.7275133071106701, 0.7278608913998601, 0.7220604544367537, 0.7230840901684187, 0.7237792587467988, 0.7244744273251792, 0.7237792587467988, 0.722755623015134, 0.7209985844332779, 0.7238174930186098, 0.724126843035989, 0.7220413373008483]
mean_accs_ghcfl:  [0.6927618298774411, 0.6584502950445297, 0.6759089573415652, 0.6862662243359542, 0.6852425886042894, 0.6979276772382831, 0.7033326129351896, 0.7037949000398125, 0.7080806143255266, 0.710532821485763, 0.7116138086251445, 0.7109186400467642, 0.7119613929143346, 0.7119613929143346, 0.7095283028900037, 0.7345177838917781, 0.7327798624458274, 0.7410129451525945, 0.7424223994452605, 0.7413796465776901, 0.7424223994452605, 0.7417463480027856, 0.7417272308668802, 0.7420748151560703, 0.7363130567454451, 0.7349036024527792, 0.7349227195886846, 0.735965472456255, 0.7349227195886846, 0.7355987710311594, 0.735965472456255, 0.7363130567454451, 0.735965472456255, 0.7356178881670649, 0.7394413153481564, 0.7383985624805859, 0.7355987710311594, 0.735965472456255, 0.7335323824319241, 0.735965472456255, 0.7356178881670649, 0.7366606410346354, 0.735965472456255, 0.7356178881670649, 0.7349036024527792, 0.7410511794244055, 0.7424415165811659, 0.749960313573647, 0.7431366851595461, 0.743465152312831]
improve_ratio 1.0169979304293701

(pyTorch2_cuda117) D:\Users\yapchen\Documents\Github\GHCFL_Nikkie>python main_multiDS.py --repeat 1 --data_group biochem --seed 10 --epsilon1 0.08 --epsilon2 0.4 --seq_length 5 --num_rounds 50 --comm_threshold 1
Output Path: ./outputs\seqLen5\multiDS-nonOverlap\biochem\eps_0.08_0.4
Preparing data (original features) ...
@@@ biochem
  ** MUTAG 188
C:\Users\yapchen\Anaconda3\envs\pyTorch2_cuda117\lib\site-packages\torch_geometric\deprecation.py:22: UserWarning: 'data.DataLoader' is deprecated, use 'loader.DataLoader' instead
  warnings.warn(out)
  ** BZR 405
C:\Users\yapchen\Anaconda3\envs\pyTorch2_cuda117\lib\site-packages\torch_geometric\deprecation.py:22: UserWarning: 'data.DataLoader' is deprecated, use 'loader.DataLoader' instead
  warnings.warn(out)
  ** COX2 467
C:\Users\yapchen\Anaconda3\envs\pyTorch2_cuda117\lib\site-packages\torch_geometric\deprecation.py:22: UserWarning: 'data.DataLoader' is deprecated, use 'loader.DataLoader' instead
  warnings.warn(out)
  ** DHFR 756
C:\Users\yapchen\Anaconda3\envs\pyTorch2_cuda117\lib\site-packages\torch_geometric\deprecation.py:22: UserWarning: 'data.DataLoader' is deprecated, use 'loader.DataLoader' instead
  warnings.warn(out)
  ** PTC_MR 344
C:\Users\yapchen\Anaconda3\envs\pyTorch2_cuda117\lib\site-packages\torch_geometric\deprecation.py:22: UserWarning: 'data.DataLoader' is deprecated, use 'loader.DataLoader' instead
  warnings.warn(out)
  ** AIDS 2000
C:\Users\yapchen\Anaconda3\envs\pyTorch2_cuda117\lib\site-packages\torch_geometric\deprecation.py:22: UserWarning: 'data.DataLoader' is deprecated, use 'loader.DataLoader' instead
  warnings.warn(out)
  ** NCI1 4110
C:\Users\yapchen\Anaconda3\envs\pyTorch2_cuda117\lib\site-packages\torch_geometric\deprecation.py:22: UserWarning: 'data.DataLoader' is deprecated, use 'loader.DataLoader' instead
  warnings.warn(out)
  ** ENZYMES 600
C:\Users\yapchen\Anaconda3\envs\pyTorch2_cuda117\lib\site-packages\torch_geometric\deprecation.py:22: UserWarning: 'data.DataLoader' is deprecated, use 'loader.DataLoader' instead
  warnings.warn(out)
  ** DD 1178
C:\Users\yapchen\Anaconda3\envs\pyTorch2_cuda117\lib\site-packages\torch_geometric\deprecation.py:22: UserWarning: 'data.DataLoader' is deprecated, use 'loader.DataLoader' instead
  warnings.warn(out)
  ** PROTEINS 1113
C:\Users\yapchen\Anaconda3\envs\pyTorch2_cuda117\lib\site-packages\torch_geometric\deprecation.py:22: UserWarning: 'data.DataLoader' is deprecated, use 'loader.DataLoader' instead
  warnings.warn(out)
Done
Wrote to ./outputs\seqLen5\multiDS-nonOverlap\biochem\eps_0.08_0.4\repeats\1_stats_trainData.csv

Done setting up devices.
  > round 50
final accs: [0.631578947368421, 0.7804878048780488, 0.7872340425531915, 0.6052631578947368, 0.45714285714285713, 0.98, 0.6958637469586375, 0.25, 0.6779661016949152, 0.6785714285714286]
          test_acc
MUTAG     0.631579
BZR       0.780488
COX2      0.787234
DHFR      0.605263
PTC_MR    0.457143
AIDS      0.980000
NCI1      0.695864
ENZYMES   0.250000
DD        0.677966
PROTEINS  0.678571
running hierarchical clustering...

clusters1:
 [4 2 3 2 2 2 2 1 2 1]
ENZYMES
PROTEINS
&&&&
BZR
DHFR
PTC_MR
AIDS
NCI1
DD
&&&&
COX2
&&&&
MUTAG
&&&&
  > round 50

mean_accs: [0.6003026260418427, 0.6010169117561285, 0.6183123009621634, 0.6328876000908463, 0.6237463718811411, 0.6307858153338901, 0.6313334019795839, 0.642063242090811, 0.6471100069058549, 0.6466665364829213, 0.6476658810803422, 0.6473495793771792, 0.6443488370785276, 0.6562342756533142, 0.6515021217500605, 0.6535504904604049, 0.6507283122262509, 0.6511977793029492, 0.6501806607767067, 0.6521360359615448, 0.649333203149588, 0.6521642845491156, 0.649982751290012, 0.6535876422133491, 0.6488465851447218, 0.6527401845862305, 0.6585629531865634, 0.654670009147634, 0.6592950525956702, 0.6568969419224759, 0.6587712828378598, 0.6605455634298507, 0.6771641628481044, 0.6705785304508922, 0.6726514362555497, 0.6698047209270825, 0.6677318151224249, 0.669522743172477, 0.6728843250933811, 0.6693530822733532, 0.6686685547817923, 0.6732549294776561, 0.6665517664606245, 0.6663903533242949, 0.6675636712225292, 0.671427505077239, 0.6731306680942706, 0.6798003761234678, 0.6794297717391927, 0.6719052199167317]
          test_acc
MUTAG     0.842105
BZR       0.780488
COX2      0.787234
DHFR      0.605263
PTC_MR    0.571429
AIDS      0.995000
NCI1      0.613139
ENZYMES   0.150000
DD        0.677966
PROTEINS  0.696429
mean_accs_fedavg [0.5199647618733787, 0.593392650372743, 0.5783163217465257, 0.608581041057484, 0.6117989764068062, 0.6150425240052344, 0.6137887948381996, 0.6216018961148355, 0.6116919204457357, 0.6122216389024614, 0.619360846410282, 0.6199278432820235, 0.6324740719924857, 0.6298171376859164, 0.6280232551694062, 0.6420217455342518, 0.6483142303495315, 0.6493841095198065, 0.6604041103445828, 0.6561899365642206, 0.6581132942284543, 0.6595596867159206, 0.6639689200863689, 0.6633193719459449, 0.6642821082590771, 0.6656266114197377, 0.6651296056521949, 0.6647865870888373, 0.6653750870564354, 0.6641318251840754, 0.6662672887967135, 0.6624688950485175, 0.6643788707176174, 0.6628610496587224, 0.6536379182188398, 0.6643111713132236, 0.6629212760008986, 0.6612270235133144, 0.6636690167030188, 0.6569130680041033, 0.6643014463172003, 0.6561809465027749, 0.6637233591501299, 0.6639138677425314, 0.662734489211458, 0.6616020919992018, 0.6643877738829909, 0.6472449093760597, 0.6489979036085171, 0.6544108087062236]
mean_accs_ghcfl:  [0.6003026260418427, 0.6010169117561285, 0.6183123009621634, 0.6328876000908463, 0.6237463718811411, 0.6307858153338901, 0.6313334019795839, 0.642063242090811, 0.6471100069058549, 0.6466665364829213, 0.6476658810803422, 0.6473495793771792, 0.6443488370785276, 0.6562342756533142, 0.6515021217500605, 0.6535504904604049, 0.6507283122262509, 0.6511977793029492, 0.6501806607767067, 0.6521360359615448, 0.649333203149588, 0.6521642845491156, 0.649982751290012, 0.6535876422133491, 0.6488465851447218, 0.6527401845862305, 0.6585629531865634, 0.654670009147634, 0.6592950525956702, 0.6568969419224759, 0.6587712828378598, 0.6605455634298507, 0.6771641628481044, 0.6705785304508922, 0.6726514362555497, 0.6698047209270825, 0.6677318151224249, 0.669522743172477, 0.6728843250933811, 0.6693530822733532, 0.6686685547817923, 0.6732549294776561, 0.6665517664606245, 0.6663903533242949, 0.6675636712225292, 0.671427505077239, 0.6731306680942706, 0.6798003761234678, 0.6794297717391927, 0.6719052199167317]
improve_ratio 1.0158187228994489

(pyTorch2_cuda117) D:\Users\yapchen\Documents\Github\GHCFL_Nikkie>python main_multiDS.py --repeat 1 --data_group mix --seed 10 --epsilon1 0.08 --epsilon2 0.4 --seq_length 5 --num_rounds 50 --comm_threshold 1
Output Path: ./outputs\seqLen5\multiDS-nonOverlap\mix\eps_0.08_0.4
Preparing data (original features) ...
@@@ mix
  ** MUTAG 188
C:\Users\yapchen\Anaconda3\envs\pyTorch2_cuda117\lib\site-packages\torch_geometric\deprecation.py:22: UserWarning: 'data.DataLoader' is deprecated, use 'loader.DataLoader' instead
  warnings.warn(out)
  ** BZR 405
C:\Users\yapchen\Anaconda3\envs\pyTorch2_cuda117\lib\site-packages\torch_geometric\deprecation.py:22: UserWarning: 'data.DataLoader' is deprecated, use 'loader.DataLoader' instead
  warnings.warn(out)
  ** COX2 467
C:\Users\yapchen\Anaconda3\envs\pyTorch2_cuda117\lib\site-packages\torch_geometric\deprecation.py:22: UserWarning: 'data.DataLoader' is deprecated, use 'loader.DataLoader' instead
  warnings.warn(out)
  ** DHFR 756
C:\Users\yapchen\Anaconda3\envs\pyTorch2_cuda117\lib\site-packages\torch_geometric\deprecation.py:22: UserWarning: 'data.DataLoader' is deprecated, use 'loader.DataLoader' instead
  warnings.warn(out)
  ** PTC_MR 344
C:\Users\yapchen\Anaconda3\envs\pyTorch2_cuda117\lib\site-packages\torch_geometric\deprecation.py:22: UserWarning: 'data.DataLoader' is deprecated, use 'loader.DataLoader' instead
  warnings.warn(out)
  ** AIDS 2000
C:\Users\yapchen\Anaconda3\envs\pyTorch2_cuda117\lib\site-packages\torch_geometric\deprecation.py:22: UserWarning: 'data.DataLoader' is deprecated, use 'loader.DataLoader' instead
  warnings.warn(out)
  ** NCI1 4110
C:\Users\yapchen\Anaconda3\envs\pyTorch2_cuda117\lib\site-packages\torch_geometric\deprecation.py:22: UserWarning: 'data.DataLoader' is deprecated, use 'loader.DataLoader' instead
  warnings.warn(out)
  ** ENZYMES 600
C:\Users\yapchen\Anaconda3\envs\pyTorch2_cuda117\lib\site-packages\torch_geometric\deprecation.py:22: UserWarning: 'data.DataLoader' is deprecated, use 'loader.DataLoader' instead
  warnings.warn(out)
  ** DD 1178
C:\Users\yapchen\Anaconda3\envs\pyTorch2_cuda117\lib\site-packages\torch_geometric\deprecation.py:22: UserWarning: 'data.DataLoader' is deprecated, use 'loader.DataLoader' instead
  warnings.warn(out)
  ** PROTEINS 1113
C:\Users\yapchen\Anaconda3\envs\pyTorch2_cuda117\lib\site-packages\torch_geometric\deprecation.py:22: UserWarning: 'data.DataLoader' is deprecated, use 'loader.DataLoader' instead
  warnings.warn(out)
  ** COLLAB 5000
C:\Users\yapchen\Anaconda3\envs\pyTorch2_cuda117\lib\site-packages\torch_geometric\deprecation.py:22: UserWarning: 'data.DataLoader' is deprecated, use 'loader.DataLoader' instead
  warnings.warn(out)
  ** IMDB-BINARY 1000
C:\Users\yapchen\Anaconda3\envs\pyTorch2_cuda117\lib\site-packages\torch_geometric\deprecation.py:22: UserWarning: 'data.DataLoader' is deprecated, use 'loader.DataLoader' instead
  warnings.warn(out)
  ** IMDB-MULTI 1500
C:\Users\yapchen\Anaconda3\envs\pyTorch2_cuda117\lib\site-packages\torch_geometric\deprecation.py:22: UserWarning: 'data.DataLoader' is deprecated, use 'loader.DataLoader' instead
  warnings.warn(out)
Done
Wrote to ./outputs\seqLen5\multiDS-nonOverlap\mix\eps_0.08_0.4\repeats\1_stats_trainData.csv

Done setting up devices.
  > round 50
final accs: [0.631578947368421, 0.7804878048780488, 0.7872340425531915, 0.6052631578947368, 0.5714285714285714, 0.99, 0.708029197080292, 0.23333333333333334, 0.6779661016949152, 0.6785714285714286, 0.72, 0.72, 0.5066666666666667]
             test_acc
MUTAG        0.631579
BZR          0.780488
COX2         0.787234
DHFR         0.605263
PTC_MR       0.571429
AIDS         0.990000
NCI1         0.708029
ENZYMES      0.233333
DD           0.677966
PROTEINS     0.678571
COLLAB       0.720000
IMDB-BINARY  0.720000
IMDB-MULTI   0.506667
running hierarchical clustering...

clusters1:
 [3 1 1 1 1 1 1 4 2 5 7 6 2]
BZR
COX2
DHFR
PTC_MR
AIDS
NCI1
&&&&
DD
IMDB-MULTI
&&&&
MUTAG
&&&&
ENZYMES
&&&&
PROTEINS
&&&&
IMDB-BINARY
&&&&
COLLAB
&&&&
  > round 50

mean_accs: [0.5617680022251762, 0.586603929072052, 0.5942280395485687, 0.5964273637305108, 0.6146572755564884, 0.6310668118736087, 0.6336208745992041, 0.6459128166255889, 0.6318382292063274, 0.6432648182261986, 0.654020626894416, 0.6576452931885738, 0.6573840835952474, 0.6549821959451846, 0.6546235385812693, 0.655351714298496, 0.6567324108628498, 0.6595105813912367, 0.654786599570756, 0.6578486676588764, 0.6734809167787114, 0.6791585781210394, 0.6782168839604387, 0.6681650309101939, 0.6622010445827808, 0.6768418042585002, 0.6807088054580512, 0.6724776523890904, 0.6759219435097396, 0.6772828848695054, 0.6808704493731282, 0.6719694383877426, 0.6757301513026063, 0.6778723744553454, 0.6790423927952881, 0.6777520969226589, 0.6757983256331214, 0.6812130643852348, 0.6800272327728287, 0.6739675309316004, 0.6775049803064247, 0.6794601475977914, 0.6760133853205207, 0.6759734092752866, 0.6746881667434772, 0.6737634817332422, 0.6764793811993582, 0.6749244304797409, 0.6828436470896762, 0.6804110899977106]
             test_acc
MUTAG        0.842105
BZR          0.780488
COX2         0.787234
DHFR         0.605263
PTC_MR       0.571429
AIDS         0.995000
NCI1         0.693431
ENZYMES      0.266667
DD           0.677966
PROTEINS     0.696429
COLLAB       0.716000
IMDB-BINARY  0.720000
IMDB-MULTI   0.493333
mean_accs_fedavg [0.46500013677948276, 0.543260588969972, 0.5875708401353381, 0.5988245635244073, 0.6054259108553723, 0.6150177032437749, 0.6139138099825143, 0.629310500862256, 0.6230364345022068, 0.6231076951727499, 0.6328874907823117, 0.635449242507431, 0.6437259959614082, 0.6408081096908064, 0.6328415357888125, 0.6478686296895919, 0.6514457512566305, 0.6551538223722855, 0.6491610740591116, 0.6542336197039078, 0.6505575664487379, 0.656880456845487, 0.6522436595424147, 0.6536620307089609, 0.6583791220221182, 0.6564828281226076, 0.6590781960521337, 0.6598296084815123, 0.6552705973248271, 0.6544527677462649, 0.6592097795908679, 0.6574977914676464, 0.6545579140330269, 0.6577962077612377, 0.6579522579257624, 0.6583693130756519, 0.6584485394083115, 0.6582409457112337, 0.6613727832538717, 0.6607736281510669, 0.6585190799857183, 0.6565382143422275, 0.655911815791296, 0.6599862677115971, 0.6647811832377387, 0.6599978907127042, 0.6650222082443211, 0.6643749623399924, 0.6608862989352706, 0.662350711651508]
mean_accs_ghcfl:  [0.5617680022251762, 0.586603929072052, 0.5942280395485687, 0.5964273637305108, 0.6146572755564884, 0.6310668118736087, 0.6336208745992041, 0.6459128166255889, 0.6318382292063274, 0.6432648182261986, 0.654020626894416, 0.6576452931885738, 0.6573840835952474, 0.6549821959451846, 0.6546235385812693, 0.655351714298496, 0.6567324108628498, 0.6595105813912367, 0.654786599570756, 0.6578486676588764, 0.6734809167787114, 0.6791585781210394, 0.6782168839604387, 0.6681650309101939, 0.6622010445827808, 0.6768418042585002, 0.6807088054580512, 0.6724776523890904, 0.6759219435097396, 0.6772828848695054, 0.6808704493731282, 0.6719694383877426, 0.6757301513026063, 0.6778723744553454, 0.6790423927952881, 0.6777520969226589, 0.6757983256331214, 0.6812130643852348, 0.6800272327728287, 0.6739675309316004, 0.6775049803064247, 0.6794601475977914, 0.6760133853205207, 0.6759734092752866, 0.6746881667434772, 0.6737634817332422, 0.6764793811993582, 0.6749244304797409, 0.6828436470896762, 0.6804110899977106]
improve_ratio 1.0279014690325117

(pyTorch2_cuda117) D:\Users\yapchen\Documents\Github\GHCFL_Nikkie>python main_multiDS.py --repeat 1 --data_group molecules --seed 10 --epsilon1 0.08 --epsilon2 0.4 --seq_length 5 --num_rounds 50 --comm_threshold 3
Output Path: ./outputs\seqLen5\multiDS-nonOverlap\molecules\eps_0.08_0.4
Preparing data (original features) ...
@@@ molecules
  ** MUTAG 188
C:\Users\yapchen\Anaconda3\envs\pyTorch2_cuda117\lib\site-packages\torch_geometric\deprecation.py:22: UserWarning: 'data.DataLoader' is deprecated, use 'loader.DataLoader' instead
  warnings.warn(out)
  ** BZR 405
C:\Users\yapchen\Anaconda3\envs\pyTorch2_cuda117\lib\site-packages\torch_geometric\deprecation.py:22: UserWarning: 'data.DataLoader' is deprecated, use 'loader.DataLoader' instead
  warnings.warn(out)
  ** COX2 467
C:\Users\yapchen\Anaconda3\envs\pyTorch2_cuda117\lib\site-packages\torch_geometric\deprecation.py:22: UserWarning: 'data.DataLoader' is deprecated, use 'loader.DataLoader' instead
  warnings.warn(out)
  ** DHFR 756
C:\Users\yapchen\Anaconda3\envs\pyTorch2_cuda117\lib\site-packages\torch_geometric\deprecation.py:22: UserWarning: 'data.DataLoader' is deprecated, use 'loader.DataLoader' instead
  warnings.warn(out)
  ** PTC_MR 344
C:\Users\yapchen\Anaconda3\envs\pyTorch2_cuda117\lib\site-packages\torch_geometric\deprecation.py:22: UserWarning: 'data.DataLoader' is deprecated, use 'loader.DataLoader' instead
  warnings.warn(out)
  ** AIDS 2000
C:\Users\yapchen\Anaconda3\envs\pyTorch2_cuda117\lib\site-packages\torch_geometric\deprecation.py:22: UserWarning: 'data.DataLoader' is deprecated, use 'loader.DataLoader' instead
  warnings.warn(out)
  ** NCI1 4110
C:\Users\yapchen\Anaconda3\envs\pyTorch2_cuda117\lib\site-packages\torch_geometric\deprecation.py:22: UserWarning: 'data.DataLoader' is deprecated, use 'loader.DataLoader' instead
  warnings.warn(out)
Done
Wrote to ./outputs\seqLen5\multiDS-nonOverlap\molecules\eps_0.08_0.4\repeats\1_stats_trainData.csv

Done setting up devices.
  > round 50
final accs: [0.631578947368421, 0.7804878048780488, 0.7872340425531915, 0.6052631578947368, 0.5714285714285714, 0.975, 0.6958637469586375]
        test_acc
MUTAG   0.631579
BZR     0.780488
COX2    0.787234
DHFR    0.605263
PTC_MR  0.571429
AIDS    0.975000
NCI1    0.695864
running hierarchical clustering...

clusters1:
 [2 1 1 1 1 1 1]
BZR
COX2
DHFR
PTC_MR
AIDS
NCI1
&&&&
MUTAG
&&&&
  > round 50

mean_accs: [0.6120249250502008, 0.630231154910566, 0.6890277815135698, 0.6890277815135698, 0.6786193699737714, 0.6961706386564269, 0.7072325086599027, 0.7058804057749531, 0.7066711600328607, 0.7032144342768649, 0.708775782903907, 0.7046430057054363, 0.7053572914197221, 0.7109186400467642, 0.7116138086251445, 0.7060524599981024, 0.7046621228413418, 0.7043145385521516, 0.7060906942699132, 0.7078477328517694, 0.7119996271861454, 0.7078477328517694, 0.7078286157158639, 0.7071334471374836, 0.7071334471374836, 0.7099141214510046, 0.7303850066933075, 0.7389656736892647, 0.7293613709616426, 0.733184798142734, 0.7304041238292129, 0.7372277522433139, 0.7426997220531357, 0.7379229208216943, 0.7389656736892647, 0.7389656736892647, 0.7375753365325041, 0.7379038036857887, 0.7372277522433139, 0.7372277522433139, 0.7375753365325041, 0.7304041238292129, 0.7317944609859734, 0.7328372138535438, 0.7338799667211143, 0.7314277595608779, 0.7324705124284483, 0.7328180967176384, 0.7314468766967833, 0.7372277522433139]
        test_acc
MUTAG   0.842105
BZR     0.780488
COX2    0.787234
DHFR    0.605263
PTC_MR  0.571429
AIDS    0.995000
NCI1    0.579075
mean_accs_fedavg [0.6179862569513823, 0.6270251471905359, 0.6824427971548628, 0.6842189528726242, 0.6858995229108586, 0.6952522713094883, 0.6971942743880918, 0.7027712643081474, 0.7029338841005901, 0.7190565813546741, 0.7194232827797696, 0.7239992299469578, 0.7209794672973723, 0.7206318830081822, 0.7216746358757525, 0.7209794672973723, 0.723064973032513, 0.7202842987189921, 0.7245126615969901, 0.7216937530116582, 0.7197358603655486, 0.7252269473112758, 0.7237983758827043, 0.7257753856647193, 0.7282084756890502, 0.7196082472765174, 0.7202842987189921, 0.722717388743323, 0.7234125573217032, 0.7227365058792286, 0.7234316744576088, 0.7237792587467988, 0.7223698044541329, 0.7234316744576088, 0.7243659313720533, 0.7271466056855745, 0.7264705542430996, 0.7295988128458107, 0.7223889215900384, 0.7176121203585969, 0.7186548732261674, 0.7200452103829278, 0.7244744273251792, 0.7210879632504982, 0.7193500418045476, 0.7254278013755292, 0.7220413373008483, 0.7223889215900384, 0.728536942842335, 0.7209794672973723]
mean_accs_ghcfl:  [0.6120249250502008, 0.630231154910566, 0.6890277815135698, 0.6890277815135698, 0.6786193699737714, 0.6961706386564269, 0.7072325086599027, 0.7058804057749531, 0.7066711600328607, 0.7032144342768649, 0.708775782903907, 0.7046430057054363, 0.7053572914197221, 0.7109186400467642, 0.7116138086251445, 0.7060524599981024, 0.7046621228413418, 0.7043145385521516, 0.7060906942699132, 0.7078477328517694, 0.7119996271861454, 0.7078477328517694, 0.7078286157158639, 0.7071334471374836, 0.7071334471374836, 0.7099141214510046, 0.7303850066933075, 0.7389656736892647, 0.7293613709616426, 0.733184798142734, 0.7304041238292129, 0.7372277522433139, 0.7426997220531357, 0.7379229208216943, 0.7389656736892647, 0.7389656736892647, 0.7375753365325041, 0.7379038036857887, 0.7372277522433139, 0.7372277522433139, 0.7375753365325041, 0.7304041238292129, 0.7317944609859734, 0.7328372138535438, 0.7338799667211143, 0.7314277595608779, 0.7324705124284483, 0.7328180967176384, 0.7314468766967833, 0.7372277522433139]
improve_ratio 1.001484074561423

(pyTorch2_cuda117) D:\Users\yapchen\Documents\Github\GHCFL_Nikkie>python main_multiDS.py --repeat 1 --data_group biochem --seed 10 --epsilon1 0.08 --epsilon2 0.4 --seq_length 5 --num_rounds 50 --comm_threshold 3
Output Path: ./outputs\seqLen5\multiDS-nonOverlap\biochem\eps_0.08_0.4
Preparing data (original features) ...
@@@ biochem
  ** MUTAG 188
C:\Users\yapchen\Anaconda3\envs\pyTorch2_cuda117\lib\site-packages\torch_geometric\deprecation.py:22: UserWarning: 'data.DataLoader' is deprecated, use 'loader.DataLoader' instead
  warnings.warn(out)
  ** BZR 405
C:\Users\yapchen\Anaconda3\envs\pyTorch2_cuda117\lib\site-packages\torch_geometric\deprecation.py:22: UserWarning: 'data.DataLoader' is deprecated, use 'loader.DataLoader' instead
  warnings.warn(out)
  ** COX2 467
C:\Users\yapchen\Anaconda3\envs\pyTorch2_cuda117\lib\site-packages\torch_geometric\deprecation.py:22: UserWarning: 'data.DataLoader' is deprecated, use 'loader.DataLoader' instead
  warnings.warn(out)
  ** DHFR 756
C:\Users\yapchen\Anaconda3\envs\pyTorch2_cuda117\lib\site-packages\torch_geometric\deprecation.py:22: UserWarning: 'data.DataLoader' is deprecated, use 'loader.DataLoader' instead
  warnings.warn(out)
  ** PTC_MR 344
C:\Users\yapchen\Anaconda3\envs\pyTorch2_cuda117\lib\site-packages\torch_geometric\deprecation.py:22: UserWarning: 'data.DataLoader' is deprecated, use 'loader.DataLoader' instead
  warnings.warn(out)
  ** AIDS 2000
C:\Users\yapchen\Anaconda3\envs\pyTorch2_cuda117\lib\site-packages\torch_geometric\deprecation.py:22: UserWarning: 'data.DataLoader' is deprecated, use 'loader.DataLoader' instead
  warnings.warn(out)
  ** NCI1 4110
C:\Users\yapchen\Anaconda3\envs\pyTorch2_cuda117\lib\site-packages\torch_geometric\deprecation.py:22: UserWarning: 'data.DataLoader' is deprecated, use 'loader.DataLoader' instead
  warnings.warn(out)
  ** ENZYMES 600
C:\Users\yapchen\Anaconda3\envs\pyTorch2_cuda117\lib\site-packages\torch_geometric\deprecation.py:22: UserWarning: 'data.DataLoader' is deprecated, use 'loader.DataLoader' instead
  warnings.warn(out)
  ** DD 1178
C:\Users\yapchen\Anaconda3\envs\pyTorch2_cuda117\lib\site-packages\torch_geometric\deprecation.py:22: UserWarning: 'data.DataLoader' is deprecated, use 'loader.DataLoader' instead
  warnings.warn(out)
  ** PROTEINS 1113
C:\Users\yapchen\Anaconda3\envs\pyTorch2_cuda117\lib\site-packages\torch_geometric\deprecation.py:22: UserWarning: 'data.DataLoader' is deprecated, use 'loader.DataLoader' instead
  warnings.warn(out)
Done
Wrote to ./outputs\seqLen5\multiDS-nonOverlap\biochem\eps_0.08_0.4\repeats\1_stats_trainData.csv

Done setting up devices.
  > round 50
final accs: [0.6842105263157895, 0.7804878048780488, 0.7872340425531915, 0.6052631578947368, 0.5714285714285714, 0.98, 0.6861313868613139, 0.23333333333333334, 0.6610169491525424, 0.6785714285714286]
          test_acc
MUTAG     0.684211
BZR       0.780488
COX2      0.787234
DHFR      0.605263
PTC_MR    0.571429
AIDS      0.980000
NCI1      0.686131
ENZYMES   0.233333
DD        0.661017
PROTEINS  0.678571
running hierarchical clustering...

clusters1:
 [3 2 2 2 2 2 2 1 2 1]
ENZYMES
PROTEINS
&&&&
BZR
COX2
DHFR
PTC_MR
AIDS
NCI1
DD
&&&&
MUTAG
&&&&
  > round 50

mean_accs: [0.4931562368648287, 0.5311987461176184, 0.6095431543699623, 0.6092135178017386, 0.6188250599566434, 0.6347945343974156, 0.6349410809413085, 0.6462075116630467, 0.6415571343278987, 0.6429722913594111, 0.6481271725621707, 0.6399128397178118, 0.6393630011383122, 0.6360177232770748, 0.6371367384941972, 0.6392900555676554, 0.6369909916887325, 0.6401829127105125, 0.6391859069429698, 0.6391315968977838, 0.6479202730140301, 0.6542836189019468, 0.6664766013580871, 0.6678263109190116, 0.6668895712596441, 0.6688449464444826, 0.6666916617729496, 0.6769320163089246, 0.6751894496051429, 0.6724498373678194, 0.6759022183202005, 0.6763873193258384, 0.6716023797407008, 0.6730257374049344, 0.6699357130740342, 0.6704156003153342, 0.6756678124831409, 0.6778121939893001, 0.6823820731595753, 0.6704046619524779, 0.671388325490886, 0.6794798741850885, 0.6814989807787407, 0.6864907330159464, 0.6757127085287726, 0.6812928235292517, 0.675769205703914, 0.6711710779460682, 0.6778659932003055, 0.6791844349033508]
          test_acc
MUTAG     0.789474
BZR       0.780488
COX2      0.787234
DHFR      0.605263
PTC_MR    0.571429
AIDS      0.995000
NCI1      0.613139
ENZYMES   0.250000
DD        0.703390
PROTEINS  0.696429
mean_accs_fedavg [0.5185414042091452, 0.5917259837060763, 0.5794175159047532, 0.601685837720675, 0.6148049722357948, 0.6145134359132366, 0.6111972211061458, 0.6174812917305604, 0.617692007341808, 0.6200951653512694, 0.6277805544394791, 0.628107891943824, 0.6331250178341405, 0.6340350803993126, 0.6414241686091356, 0.639405580213738, 0.6375038523074326, 0.6542821804270015, 0.6486043041670084, 0.6533536089984301, 0.6616631004060286, 0.6645231977296296, 0.6649748363833591, 0.663858008296192, 0.657619945460022, 0.6655894199007941, 0.6621176213582918, 0.6630938118344822, 0.6639800177457716, 0.6616347870146074, 0.6636042393631579, 0.6606891368257926, 0.6625365944529112, 0.6649138103027549, 0.6637591529678427, 0.6650693469080935, 0.6620425431518268, 0.6635202108612461, 0.6654919225076764, 0.6536497184108948, 0.6691600340056468, 0.6664918827416773, 0.6599651187514095, 0.65684902559882, 0.659931656399501, 0.6705400199875509, 0.6680415296227051, 0.6649244376691419, 0.6718053900500942, 0.6667677200988957]
mean_accs_ghcfl:  [0.4931562368648287, 0.5311987461176184, 0.6095431543699623, 0.6092135178017386, 0.6188250599566434, 0.6347945343974156, 0.6349410809413085, 0.6462075116630467, 0.6415571343278987, 0.6429722913594111, 0.6481271725621707, 0.6399128397178118, 0.6393630011383122, 0.6360177232770748, 0.6371367384941972, 0.6392900555676554, 0.6369909916887325, 0.6401829127105125, 0.6391859069429698, 0.6391315968977838, 0.6479202730140301, 0.6542836189019468, 0.6664766013580871, 0.6678263109190116, 0.6668895712596441, 0.6688449464444826, 0.6666916617729496, 0.6769320163089246, 0.6751894496051429, 0.6724498373678194, 0.6759022183202005, 0.6763873193258384, 0.6716023797407008, 0.6730257374049344, 0.6699357130740342, 0.6704156003153342, 0.6756678124831409, 0.6778121939893001, 0.6823820731595753, 0.6704046619524779, 0.671388325490886, 0.6794798741850885, 0.6814989807787407, 0.6864907330159464, 0.6757127085287726, 0.6812928235292517, 0.675769205703914, 0.6711710779460682, 0.6778659932003055, 0.6791844349033508]
improve_ratio 1.010870798211051

(pyTorch2_cuda117) D:\Users\yapchen\Documents\Github\GHCFL_Nikkie>python main_multiDS.py --repeat 1 --data_group mix --seed 10 --epsilon1 0.08 --epsilon2 0.4 --seq_length 5 --num_rounds 50 --comm_threshold 3
Output Path: ./outputs\seqLen5\multiDS-nonOverlap\mix\eps_0.08_0.4
Preparing data (original features) ...
@@@ mix
  ** MUTAG 188
C:\Users\yapchen\Anaconda3\envs\pyTorch2_cuda117\lib\site-packages\torch_geometric\deprecation.py:22: UserWarning: 'data.DataLoader' is deprecated, use 'loader.DataLoader' instead
  warnings.warn(out)
  ** BZR 405
C:\Users\yapchen\Anaconda3\envs\pyTorch2_cuda117\lib\site-packages\torch_geometric\deprecation.py:22: UserWarning: 'data.DataLoader' is deprecated, use 'loader.DataLoader' instead
  warnings.warn(out)
  ** COX2 467
C:\Users\yapchen\Anaconda3\envs\pyTorch2_cuda117\lib\site-packages\torch_geometric\deprecation.py:22: UserWarning: 'data.DataLoader' is deprecated, use 'loader.DataLoader' instead
  warnings.warn(out)
  ** DHFR 756
C:\Users\yapchen\Anaconda3\envs\pyTorch2_cuda117\lib\site-packages\torch_geometric\deprecation.py:22: UserWarning: 'data.DataLoader' is deprecated, use 'loader.DataLoader' instead
  warnings.warn(out)
  ** PTC_MR 344
C:\Users\yapchen\Anaconda3\envs\pyTorch2_cuda117\lib\site-packages\torch_geometric\deprecation.py:22: UserWarning: 'data.DataLoader' is deprecated, use 'loader.DataLoader' instead
  warnings.warn(out)
  ** AIDS 2000
C:\Users\yapchen\Anaconda3\envs\pyTorch2_cuda117\lib\site-packages\torch_geometric\deprecation.py:22: UserWarning: 'data.DataLoader' is deprecated, use 'loader.DataLoader' instead
  warnings.warn(out)
  ** NCI1 4110
C:\Users\yapchen\Anaconda3\envs\pyTorch2_cuda117\lib\site-packages\torch_geometric\deprecation.py:22: UserWarning: 'data.DataLoader' is deprecated, use 'loader.DataLoader' instead
  warnings.warn(out)
  ** ENZYMES 600
C:\Users\yapchen\Anaconda3\envs\pyTorch2_cuda117\lib\site-packages\torch_geometric\deprecation.py:22: UserWarning: 'data.DataLoader' is deprecated, use 'loader.DataLoader' instead
  warnings.warn(out)
  ** DD 1178
C:\Users\yapchen\Anaconda3\envs\pyTorch2_cuda117\lib\site-packages\torch_geometric\deprecation.py:22: UserWarning: 'data.DataLoader' is deprecated, use 'loader.DataLoader' instead
  warnings.warn(out)
  ** PROTEINS 1113
C:\Users\yapchen\Anaconda3\envs\pyTorch2_cuda117\lib\site-packages\torch_geometric\deprecation.py:22: UserWarning: 'data.DataLoader' is deprecated, use 'loader.DataLoader' instead
  warnings.warn(out)
  ** COLLAB 5000
C:\Users\yapchen\Anaconda3\envs\pyTorch2_cuda117\lib\site-packages\torch_geometric\deprecation.py:22: UserWarning: 'data.DataLoader' is deprecated, use 'loader.DataLoader' instead
  warnings.warn(out)
  ** IMDB-BINARY 1000
C:\Users\yapchen\Anaconda3\envs\pyTorch2_cuda117\lib\site-packages\torch_geometric\deprecation.py:22: UserWarning: 'data.DataLoader' is deprecated, use 'loader.DataLoader' instead
  warnings.warn(out)
  ** IMDB-MULTI 1500
C:\Users\yapchen\Anaconda3\envs\pyTorch2_cuda117\lib\site-packages\torch_geometric\deprecation.py:22: UserWarning: 'data.DataLoader' is deprecated, use 'loader.DataLoader' instead
  warnings.warn(out)
Done
Wrote to ./outputs\seqLen5\multiDS-nonOverlap\mix\eps_0.08_0.4\repeats\1_stats_trainData.csv

Done setting up devices.
  > round 50
final accs: [0.631578947368421, 0.7804878048780488, 0.7872340425531915, 0.6052631578947368, 0.5714285714285714, 0.99, 0.6982968369829684, 0.23333333333333334, 0.6864406779661016, 0.6875, 0.742, 0.7, 0.4666666666666667]
             test_acc
MUTAG        0.631579
BZR          0.780488
COX2         0.787234
DHFR         0.605263
PTC_MR       0.571429
AIDS         0.990000
NCI1         0.698297
ENZYMES      0.233333
DD           0.686441
PROTEINS     0.687500
COLLAB       0.742000
IMDB-BINARY  0.700000
IMDB-MULTI   0.466667
running hierarchical clustering...

clusters1:
 [1 1 1 1 1 1 1 2 1 2 5 4 3]
MUTAG
BZR
COX2
DHFR
PTC_MR
AIDS
NCI1
DD
&&&&
ENZYMES
PROTEINS
&&&&
IMDB-MULTI
&&&&
IMDB-BINARY
&&&&
COLLAB
&&&&
  > round 50

mean_accs: [0.4965581977464556, 0.5351475635772857, 0.601056944014551, 0.617280962088934, 0.6235361673562636, 0.6328882319480288, 0.6399408431580073, 0.639142060020241, 0.6434950737844883, 0.6489481442407753, 0.6504303752968651, 0.6600450647436714, 0.6617949989201798, 0.6574740755242223, 0.6558854070892717, 0.6582363908615717, 0.6617316277785581, 0.661408395462192, 0.6664938801247521, 0.6548272707845685, 0.6589876292722189, 0.6560638515158913, 0.6564610066721706, 0.6571361050901862, 0.6593148341099394, 0.6596755787922852, 0.6588112035082018, 0.6582842027346341, 0.65909467571664, 0.6529563639067955, 0.6576491637935304, 0.6575574264657423, 0.6602304756319253, 0.6676460904166578, 0.6725687715401403, 0.6729863233684926, 0.6709455891635249, 0.6715206807386165, 0.6702299437013127, 0.6790967362620405, 0.6736045034340413, 0.6725352539487334, 0.6732098731354766, 0.6746419833980954, 0.6753124123134829, 0.6743401025909568, 0.6701296040499496, 0.6791040928585967, 0.6758246618273407, 0.6755529043877002]
             test_acc
MUTAG        0.842105
BZR          0.780488
COX2         0.787234
DHFR         0.605263
PTC_MR       0.571429
AIDS         0.995000
NCI1         0.686131
ENZYMES      0.250000
DD           0.677966
PROTEINS     0.678571
COLLAB       0.758000
IMDB-BINARY  0.690000
IMDB-MULTI   0.460000
mean_accs_fedavg [0.46644963721950966, 0.5439489853193853, 0.58136719018308, 0.5994483418245434, 0.60903436077899, 0.6137144932779397, 0.6096557916389461, 0.6146236439441731, 0.6294126181354732, 0.6202435738925703, 0.618900890224636, 0.6243506833281469, 0.641682481082127, 0.6477719819973113, 0.6480785323070783, 0.6469984179803971, 0.6499142432166478, 0.649110934005755, 0.645914541404995, 0.6465706353007896, 0.6540138032302251, 0.6540760742924961, 0.6511031935710072, 0.6489487764181983, 0.6494038693890652, 0.6557009945905576, 0.6497709011778462, 0.6570491041081588, 0.6581608007953222, 0.6598992130284766, 0.6564954252207548, 0.6576348121853921, 0.6554027137959264, 0.6578646934221397, 0.6617908623499169, 0.6582717585826379, 0.6555502155168539, 0.6554629985975201, 0.6639762602750154, 0.6554608195113995, 0.6560191105749484, 0.6573068491879377, 0.6593042289371422, 0.6586042476532193, 0.6625741242857213, 0.6613652338318723, 0.6671367485969537, 0.6625093571422703, 0.6553544931601145, 0.6600176953132338]
mean_accs_ghcfl:  [0.4965581977464556, 0.5351475635772857, 0.601056944014551, 0.617280962088934, 0.6235361673562636, 0.6328882319480288, 0.6399408431580073, 0.639142060020241, 0.6434950737844883, 0.6489481442407753, 0.6504303752968651, 0.6600450647436714, 0.6617949989201798, 0.6574740755242223, 0.6558854070892717, 0.6582363908615717, 0.6617316277785581, 0.661408395462192, 0.6664938801247521, 0.6548272707845685, 0.6589876292722189, 0.6560638515158913, 0.6564610066721706, 0.6571361050901862, 0.6593148341099394, 0.6596755787922852, 0.6588112035082018, 0.6582842027346341, 0.65909467571664, 0.6529563639067955, 0.6576491637935304, 0.6575574264657423, 0.6602304756319253, 0.6676460904166578, 0.6725687715401403, 0.6729863233684926, 0.6709455891635249, 0.6715206807386165, 0.6702299437013127, 0.6790967362620405, 0.6736045034340413, 0.6725352539487334, 0.6732098731354766, 0.6746419833980954, 0.6753124123134829, 0.6743401025909568, 0.6701296040499496, 0.6791040928585967, 0.6758246618273407, 0.6755529043877002]
improve_ratio 1.020121908771143

(pyTorch2_cuda117) D:\Users\yapchen\Documents\Github\GHCFL_Nikkie>python main_multiDS.py --repeat 1 --data_group molecules --seed 10 --epsilon1 0.08 --epsilon2 0.4 --seq_length 5 --num_rounds 50 --comm_threshold 5
Output Path: ./outputs\seqLen5\multiDS-nonOverlap\molecules\eps_0.08_0.4
Preparing data (original features) ...
@@@ molecules
  ** MUTAG 188
C:\Users\yapchen\Anaconda3\envs\pyTorch2_cuda117\lib\site-packages\torch_geometric\deprecation.py:22: UserWarning: 'data.DataLoader' is deprecated, use 'loader.DataLoader' instead
  warnings.warn(out)
  ** BZR 405
C:\Users\yapchen\Anaconda3\envs\pyTorch2_cuda117\lib\site-packages\torch_geometric\deprecation.py:22: UserWarning: 'data.DataLoader' is deprecated, use 'loader.DataLoader' instead
  warnings.warn(out)
  ** COX2 467
C:\Users\yapchen\Anaconda3\envs\pyTorch2_cuda117\lib\site-packages\torch_geometric\deprecation.py:22: UserWarning: 'data.DataLoader' is deprecated, use 'loader.DataLoader' instead
  warnings.warn(out)
  ** DHFR 756
C:\Users\yapchen\Anaconda3\envs\pyTorch2_cuda117\lib\site-packages\torch_geometric\deprecation.py:22: UserWarning: 'data.DataLoader' is deprecated, use 'loader.DataLoader' instead
  warnings.warn(out)
  ** PTC_MR 344
C:\Users\yapchen\Anaconda3\envs\pyTorch2_cuda117\lib\site-packages\torch_geometric\deprecation.py:22: UserWarning: 'data.DataLoader' is deprecated, use 'loader.DataLoader' instead
  warnings.warn(out)
  ** AIDS 2000
C:\Users\yapchen\Anaconda3\envs\pyTorch2_cuda117\lib\site-packages\torch_geometric\deprecation.py:22: UserWarning: 'data.DataLoader' is deprecated, use 'loader.DataLoader' instead
  warnings.warn(out)
  ** NCI1 4110
C:\Users\yapchen\Anaconda3\envs\pyTorch2_cuda117\lib\site-packages\torch_geometric\deprecation.py:22: UserWarning: 'data.DataLoader' is deprecated, use 'loader.DataLoader' instead
  warnings.warn(out)
Done
Wrote to ./outputs\seqLen5\multiDS-nonOverlap\molecules\eps_0.08_0.4\repeats\1_stats_trainData.csv

Done setting up devices.
  > round 50
final accs: [0.631578947368421, 0.7804878048780488, 0.7872340425531915, 0.6052631578947368, 0.6, 0.98, 0.708029197080292]
        test_acc
MUTAG   0.631579
BZR     0.780488
COX2    0.787234
DHFR    0.605263
PTC_MR  0.600000
AIDS    0.980000
NCI1    0.708029
running hierarchical clustering...

clusters1:
 [2 1 1 1 1 1 1]
BZR
COX2
DHFR
PTC_MR
AIDS
NCI1
&&&&
MUTAG
&&&&
  > round 50

mean_accs: [0.6120249250502008, 0.630231154910566, 0.6730389042108238, 0.6768814485278207, 0.6855519386216685, 0.6893753658027598, 0.6919040415066181, 0.6993944829386655, 0.7062088729282378, 0.7086610800884744, 0.7125800929490929, 0.7136419629525687, 0.7150514172452347, 0.7147420672278556, 0.7164799886738062, 0.7168275729629964, 0.7168466900989018, 0.7133517300710951, 0.7136993143602852, 0.7095283028900037, 0.7116138086251445, 0.7136993143602852, 0.7168466900989018, 0.7168466900989018, 0.7168466900989018, 0.7189513129699481, 0.7182561443915677, 0.7175609758131875, 0.7179085601023776, 0.7154754700780467, 0.7158230543672369, 0.7144327172104763, 0.713737548632096, 0.73259856979815, 0.7329074755348587, 0.7458982423371617, 0.7458982423371617, 0.746245826626352, 0.7441603208912111, 0.7216039299137674, 0.7247321885164786, 0.7219515142029576, 0.7414183251301713, 0.7373366924771101, 0.7452030737587815, 0.7441603208912111, 0.7448554894695913, 0.7420748151560703, 0.7441603208912111, 0.7445079051804012]
        test_acc
MUTAG   0.842105
BZR     0.780488
COX2    0.787234
DHFR    0.605263
PTC_MR  0.571429
AIDS    0.990000
NCI1    0.635036
mean_accs_fedavg [0.6179862569513823, 0.6236324501193911, 0.6817476285764824, 0.6804146428274385, 0.6869805100502401, 0.6908039372313315, 0.6905519386216685, 0.6984855500224333, 0.6953190571479111, 0.713747231337295, 0.7147899842048654, 0.7200993342222446, 0.7181223244402295, 0.7205745316004659, 0.7195700130047064, 0.7167893386911853, 0.722717388743323, 0.719936714429802, 0.7271466056855745, 0.7213270515865624, 0.7213461687224679, 0.7227365058792286, 0.7227365058792286, 0.7199558315657075, 0.7282084756890502, 0.7230840901684187, 0.7206510001440878, 0.7234699087294196, 0.7241459601718946, 0.7238174930186098, 0.7237983758827043, 0.7248602458861803, 0.7220413373008483, 0.7223889215900384, 0.7209985844332779, 0.7230840901684187, 0.7237983758827043, 0.7251695959035594, 0.7227365058792286, 0.7285560599782404, 0.7223889215900384, 0.724126843035989, 0.7237792587467988, 0.7200452103829278, 0.7183072889369772, 0.7199558315657075, 0.7213461687224679, 0.7227365058792286, 0.7230840901684187, 0.7275133071106701]
mean_accs_ghcfl:  [0.6120249250502008, 0.630231154910566, 0.6730389042108238, 0.6768814485278207, 0.6855519386216685, 0.6893753658027598, 0.6919040415066181, 0.6993944829386655, 0.7062088729282378, 0.7086610800884744, 0.7125800929490929, 0.7136419629525687, 0.7150514172452347, 0.7147420672278556, 0.7164799886738062, 0.7168275729629964, 0.7168466900989018, 0.7133517300710951, 0.7136993143602852, 0.7095283028900037, 0.7116138086251445, 0.7136993143602852, 0.7168466900989018, 0.7168466900989018, 0.7168466900989018, 0.7189513129699481, 0.7182561443915677, 0.7175609758131875, 0.7179085601023776, 0.7154754700780467, 0.7158230543672369, 0.7144327172104763, 0.713737548632096, 0.73259856979815, 0.7329074755348587, 0.7458982423371617, 0.7458982423371617, 0.746245826626352, 0.7441603208912111, 0.7216039299137674, 0.7247321885164786, 0.7219515142029576, 0.7414183251301713, 0.7373366924771101, 0.7452030737587815, 0.7441603208912111, 0.7448554894695913, 0.7420748151560703, 0.7441603208912111, 0.7445079051804012]
improve_ratio 1.0031432176913848

(pyTorch2_cuda117) D:\Users\yapchen\Documents\Github\GHCFL_Nikkie>python main_multiDS.py --repeat 1 --data_group biochem --seed 10 --epsilon1 0.08 --epsilon2 0.4 --seq_length 5 --num_rounds 50 --comm_threshold 5
Output Path: ./outputs\seqLen5\multiDS-nonOverlap\biochem\eps_0.08_0.4
Preparing data (original features) ...
@@@ biochem
  ** MUTAG 188
C:\Users\yapchen\Anaconda3\envs\pyTorch2_cuda117\lib\site-packages\torch_geometric\deprecation.py:22: UserWarning: 'data.DataLoader' is deprecated, use 'loader.DataLoader' instead
  warnings.warn(out)
  ** BZR 405
C:\Users\yapchen\Anaconda3\envs\pyTorch2_cuda117\lib\site-packages\torch_geometric\deprecation.py:22: UserWarning: 'data.DataLoader' is deprecated, use 'loader.DataLoader' instead
  warnings.warn(out)
  ** COX2 467
C:\Users\yapchen\Anaconda3\envs\pyTorch2_cuda117\lib\site-packages\torch_geometric\deprecation.py:22: UserWarning: 'data.DataLoader' is deprecated, use 'loader.DataLoader' instead
  warnings.warn(out)
  ** DHFR 756
C:\Users\yapchen\Anaconda3\envs\pyTorch2_cuda117\lib\site-packages\torch_geometric\deprecation.py:22: UserWarning: 'data.DataLoader' is deprecated, use 'loader.DataLoader' instead
  warnings.warn(out)
  ** PTC_MR 344
C:\Users\yapchen\Anaconda3\envs\pyTorch2_cuda117\lib\site-packages\torch_geometric\deprecation.py:22: UserWarning: 'data.DataLoader' is deprecated, use 'loader.DataLoader' instead
  warnings.warn(out)
  ** AIDS 2000
C:\Users\yapchen\Anaconda3\envs\pyTorch2_cuda117\lib\site-packages\torch_geometric\deprecation.py:22: UserWarning: 'data.DataLoader' is deprecated, use 'loader.DataLoader' instead
  warnings.warn(out)
  ** NCI1 4110
C:\Users\yapchen\Anaconda3\envs\pyTorch2_cuda117\lib\site-packages\torch_geometric\deprecation.py:22: UserWarning: 'data.DataLoader' is deprecated, use 'loader.DataLoader' instead
  warnings.warn(out)
  ** ENZYMES 600
C:\Users\yapchen\Anaconda3\envs\pyTorch2_cuda117\lib\site-packages\torch_geometric\deprecation.py:22: UserWarning: 'data.DataLoader' is deprecated, use 'loader.DataLoader' instead
  warnings.warn(out)
  ** DD 1178
C:\Users\yapchen\Anaconda3\envs\pyTorch2_cuda117\lib\site-packages\torch_geometric\deprecation.py:22: UserWarning: 'data.DataLoader' is deprecated, use 'loader.DataLoader' instead
  warnings.warn(out)
  ** PROTEINS 1113
C:\Users\yapchen\Anaconda3\envs\pyTorch2_cuda117\lib\site-packages\torch_geometric\deprecation.py:22: UserWarning: 'data.DataLoader' is deprecated, use 'loader.DataLoader' instead
  warnings.warn(out)
Done
Wrote to ./outputs\seqLen5\multiDS-nonOverlap\biochem\eps_0.08_0.4\repeats\1_stats_trainData.csv

Done setting up devices.
  > round 50
final accs: [0.6842105263157895, 0.7804878048780488, 0.7872340425531915, 0.6052631578947368, 0.5714285714285714, 0.98, 0.7007299270072993, 0.25, 0.6779661016949152, 0.6696428571428571]
          test_acc
MUTAG     0.684211
BZR       0.780488
COX2      0.787234
DHFR      0.605263
PTC_MR    0.571429
AIDS      0.980000
NCI1      0.700730
ENZYMES   0.250000
DD        0.677966
PROTEINS  0.669643
running hierarchical clustering...

clusters1:
 [3 2 2 2 2 2 2 1 2 1]
ENZYMES
PROTEINS
&&&&
BZR
COX2
DHFR
PTC_MR
AIDS
NCI1
DD
&&&&
MUTAG
&&&&
  > round 50

mean_accs: [0.4931562368648287, 0.5278627892937793, 0.588836521401298, 0.6111242284054159, 0.6126241960034907, 0.6238868106621217, 0.6234083608880514, 0.6275847599148154, 0.6358987551900256, 0.6370706032191049, 0.6408199006864526, 0.6405832900456604, 0.6392819271028586, 0.6417789328704013, 0.645473105825987, 0.6473027026282115, 0.6479433476032621, 0.6537469227138705, 0.6463034449268631, 0.6478436778083367, 0.6562960587607177, 0.6532796825331266, 0.6547989734611768, 0.6561026281037835, 0.6554768497211698, 0.6600051307106656, 0.6772529414102465, 0.6741629170793463, 0.6796998844978925, 0.6769203503755646, 0.6768315718134226, 0.6674536063008536, 0.6765012327125466, 0.6802170030241352, 0.6774729517230506, 0.6762929030612501, 0.6818665511645592, 0.6779744687222788, 0.6781373988578367, 0.6880867929418344, 0.6756663897440589, 0.6797906835293696, 0.6751384050228844, 0.674201665363517, 0.6764657498913031, 0.6747693176378375, 0.6761842756068043, 0.679671635910322, 0.67933904487564, 0.6799298439071171]
          test_acc
MUTAG     0.842105
BZR       0.780488
COX2      0.787234
DHFR      0.605263
PTC_MR    0.571429
AIDS      0.995000
NCI1      0.627737
ENZYMES   0.250000
DD        0.652542
PROTEINS  0.687500
mean_accs_fedavg [0.5199647618733787, 0.593392650372743, 0.5795067979370019, 0.6080423723053116, 0.6119351425520965, 0.6012651797259416, 0.6219970994516446, 0.6211882708106992, 0.6255528867300597, 0.6245922506508104, 0.6215863417178943, 0.6249568665701709, 0.6389517072999801, 0.6340291317003972, 0.6517798091951982, 0.648596016638215, 0.642355860932236, 0.6521430598152532, 0.6571310431194247, 0.6507873941913394, 0.6478350132389584, 0.6572695333664453, 0.6639450457587089, 0.6601868775279128, 0.6559004135794732, 0.6666690167030188, 0.662956208221962, 0.6673870389484132, 0.6649904452744473, 0.6623386776021427, 0.6591124473599531, 0.6595678696748644, 0.6561891368257926, 0.6548550611938077, 0.6592829300897269, 0.6610134800976801, 0.65950756380069, 0.6590581049128419, 0.666676410233238, 0.6703981690097414, 0.6690789923721185, 0.6641860954632623, 0.6682211072163242, 0.6627478712065918, 0.6666697192356711, 0.6743243292079606, 0.6760316202922839, 0.676177399499674, 0.6723828144505114, 0.670696298891541]
mean_accs_ghcfl:  [0.4931562368648287, 0.5278627892937793, 0.588836521401298, 0.6111242284054159, 0.6126241960034907, 0.6238868106621217, 0.6234083608880514, 0.6275847599148154, 0.6358987551900256, 0.6370706032191049, 0.6408199006864526, 0.6405832900456604, 0.6392819271028586, 0.6417789328704013, 0.645473105825987, 0.6473027026282115, 0.6479433476032621, 0.6537469227138705, 0.6463034449268631, 0.6478436778083367, 0.6562960587607177, 0.6532796825331266, 0.6547989734611768, 0.6561026281037835, 0.6554768497211698, 0.6600051307106656, 0.6772529414102465, 0.6741629170793463, 0.6796998844978925, 0.6769203503755646, 0.6768315718134226, 0.6674536063008536, 0.6765012327125466, 0.6802170030241352, 0.6774729517230506, 0.6762929030612501, 0.6818665511645592, 0.6779744687222788, 0.6781373988578367, 0.6880867929418344, 0.6756663897440589, 0.6797906835293696, 0.6751384050228844, 0.674201665363517, 0.6764657498913031, 0.6747693176378375, 0.6761842756068043, 0.679671635910322, 0.67933904487564, 0.6799298439071171]
improve_ratio 1.008752620070137

(pyTorch2_cuda117) D:\Users\yapchen\Documents\Github\GHCFL_Nikkie>python main_multiDS.py --repeat 1 --data_group mix --seed 10 --epsilon1 0.08 --epsilon2 0.4 --seq_length 5 --num_rounds 50 --comm_threshold 5
Output Path: ./outputs\seqLen5\multiDS-nonOverlap\mix\eps_0.08_0.4
Preparing data (original features) ...
@@@ mix
  ** MUTAG 188
C:\Users\yapchen\Anaconda3\envs\pyTorch2_cuda117\lib\site-packages\torch_geometric\deprecation.py:22: UserWarning: 'data.DataLoader' is deprecated, use 'loader.DataLoader' instead
  warnings.warn(out)
  ** BZR 405
C:\Users\yapchen\Anaconda3\envs\pyTorch2_cuda117\lib\site-packages\torch_geometric\deprecation.py:22: UserWarning: 'data.DataLoader' is deprecated, use 'loader.DataLoader' instead
  warnings.warn(out)
  ** COX2 467
C:\Users\yapchen\Anaconda3\envs\pyTorch2_cuda117\lib\site-packages\torch_geometric\deprecation.py:22: UserWarning: 'data.DataLoader' is deprecated, use 'loader.DataLoader' instead
  warnings.warn(out)
  ** DHFR 756
C:\Users\yapchen\Anaconda3\envs\pyTorch2_cuda117\lib\site-packages\torch_geometric\deprecation.py:22: UserWarning: 'data.DataLoader' is deprecated, use 'loader.DataLoader' instead
  warnings.warn(out)
  ** PTC_MR 344
C:\Users\yapchen\Anaconda3\envs\pyTorch2_cuda117\lib\site-packages\torch_geometric\deprecation.py:22: UserWarning: 'data.DataLoader' is deprecated, use 'loader.DataLoader' instead
  warnings.warn(out)
  ** AIDS 2000
C:\Users\yapchen\Anaconda3\envs\pyTorch2_cuda117\lib\site-packages\torch_geometric\deprecation.py:22: UserWarning: 'data.DataLoader' is deprecated, use 'loader.DataLoader' instead
  warnings.warn(out)
  ** NCI1 4110
C:\Users\yapchen\Anaconda3\envs\pyTorch2_cuda117\lib\site-packages\torch_geometric\deprecation.py:22: UserWarning: 'data.DataLoader' is deprecated, use 'loader.DataLoader' instead
  warnings.warn(out)
  ** ENZYMES 600
C:\Users\yapchen\Anaconda3\envs\pyTorch2_cuda117\lib\site-packages\torch_geometric\deprecation.py:22: UserWarning: 'data.DataLoader' is deprecated, use 'loader.DataLoader' instead
  warnings.warn(out)
  ** DD 1178
C:\Users\yapchen\Anaconda3\envs\pyTorch2_cuda117\lib\site-packages\torch_geometric\deprecation.py:22: UserWarning: 'data.DataLoader' is deprecated, use 'loader.DataLoader' instead
  warnings.warn(out)
  ** PROTEINS 1113
C:\Users\yapchen\Anaconda3\envs\pyTorch2_cuda117\lib\site-packages\torch_geometric\deprecation.py:22: UserWarning: 'data.DataLoader' is deprecated, use 'loader.DataLoader' instead
  warnings.warn(out)
  ** COLLAB 5000
C:\Users\yapchen\Anaconda3\envs\pyTorch2_cuda117\lib\site-packages\torch_geometric\deprecation.py:22: UserWarning: 'data.DataLoader' is deprecated, use 'loader.DataLoader' instead
  warnings.warn(out)
  ** IMDB-BINARY 1000
C:\Users\yapchen\Anaconda3\envs\pyTorch2_cuda117\lib\site-packages\torch_geometric\deprecation.py:22: UserWarning: 'data.DataLoader' is deprecated, use 'loader.DataLoader' instead
  warnings.warn(out)
  ** IMDB-MULTI 1500
C:\Users\yapchen\Anaconda3\envs\pyTorch2_cuda117\lib\site-packages\torch_geometric\deprecation.py:22: UserWarning: 'data.DataLoader' is deprecated, use 'loader.DataLoader' instead
  warnings.warn(out)
Done
Wrote to ./outputs\seqLen5\multiDS-nonOverlap\mix\eps_0.08_0.4\repeats\1_stats_trainData.csv

Done setting up devices.
  > round 50
final accs: [0.631578947368421, 0.7804878048780488, 0.7872340425531915, 0.6052631578947368, 0.5714285714285714, 0.985, 0.6934306569343066, 0.21666666666666667, 0.7033898305084746, 0.6785714285714286, 0.756, 0.7, 0.48]
             test_acc
MUTAG        0.631579
BZR          0.780488
COX2         0.787234
DHFR         0.605263
PTC_MR       0.571429
AIDS         0.985000
NCI1         0.693431
ENZYMES      0.216667
DD           0.703390
PROTEINS     0.678571
COLLAB       0.756000
IMDB-BINARY  0.700000
IMDB-MULTI   0.480000
running hierarchical clustering...

clusters1:
 [1 1 1 1 1 1 1 2 1 2 5 3 4]
MUTAG
BZR
COX2
DHFR
PTC_MR
AIDS
NCI1
DD
&&&&
ENZYMES
PROTEINS
&&&&
IMDB-BINARY
&&&&
IMDB-MULTI
&&&&
COLLAB
&&&&
  > round 50

mean_accs: [0.4965581977464556, 0.5366860251157471, 0.578947348241031, 0.5968231706947947, 0.6254043105537399, 0.635124953842984, 0.6360370723443022, 0.6418661716750095, 0.6489558846755231, 0.6493319384745017, 0.6474120528011829, 0.6526158899142119, 0.6545718402898704, 0.6580756961189768, 0.6560562753566388, 0.658243877292416, 0.6528903974389361, 0.6584981084627055, 0.6601953453262174, 0.6599028703674674, 0.6610432694957423, 0.6614301500694967, 0.6644017396988866, 0.6604178450418506, 0.6598535496523047, 0.6548463172253643, 0.6602538292152095, 0.6612015350002901, 0.6645790727168108, 0.6636173489071966, 0.6620730758681813, 0.6639147927375586, 0.6658990043896537, 0.6665292950235938, 0.6699641553712959, 0.6733411731186068, 0.6802859009198952, 0.6704422533036285, 0.6812373689536962, 0.6772252395785927, 0.6841403696462651, 0.6874259291731336, 0.6884269413367712, 0.6833825747173704, 0.6836543321570112, 0.6875278649502519, 0.6808226699019913, 0.6817331365848814, 0.6860674628219665, 0.6833208059982343]
             test_acc
MUTAG        0.842105
BZR          0.780488
COX2         0.787234
DHFR         0.605263
PTC_MR       0.571429
AIDS         0.995000
NCI1         0.700730
ENZYMES      0.300000
DD           0.661017
PROTEINS     0.678571
COLLAB       0.768000
IMDB-BINARY  0.740000
IMDB-MULTI   0.453333
mean_accs_fedavg [0.46500013677948276, 0.5456708453802285, 0.5830183605723428, 0.595714325830228, 0.6146887604846083, 0.6158350248145296, 0.6115504774512985, 0.623717844951216, 0.6184593759263236, 0.6187640299304085, 0.6273310504804799, 0.6355439839242064, 0.6471855175730392, 0.648707724674363, 0.646938171245401, 0.6400688667901134, 0.6490941715608098, 0.651915851303806, 0.6526649604774482, 0.6479796006189471, 0.657137338855802, 0.6559534935040733, 0.6541541586272301, 0.6532365150311876, 0.6413049494834523, 0.6563785260985976, 0.6559091268846728, 0.6550721248830043, 0.6531624700609407, 0.6574344833171802, 0.6589967237902208, 0.6569681455187256, 0.6542518048879347, 0.6533314723852689, 0.6580572494536786, 0.6607657923232385, 0.6526343653560451, 0.6571147649103034, 0.6616771046284021, 0.655219185439257, 0.6530140572341288, 0.6528361532172415, 0.6573478373968089, 0.6590194275700075, 0.6564374817414949, 0.6601473537697511, 0.6599987157155704, 0.6596729261395645, 0.6585274487459117, 0.6606962389849114]
mean_accs_ghcfl:  [0.4965581977464556, 0.5366860251157471, 0.578947348241031, 0.5968231706947947, 0.6254043105537399, 0.635124953842984, 0.6360370723443022, 0.6418661716750095, 0.6489558846755231, 0.6493319384745017, 0.6474120528011829, 0.6526158899142119, 0.6545718402898704, 0.6580756961189768, 0.6560562753566388, 0.658243877292416, 0.6528903974389361, 0.6584981084627055, 0.6601953453262174, 0.6599028703674674, 0.6610432694957423, 0.6614301500694967, 0.6644017396988866, 0.6604178450418506, 0.6598535496523047, 0.6548463172253643, 0.6602538292152095, 0.6612015350002901, 0.6645790727168108, 0.6636173489071966, 0.6620730758681813, 0.6639147927375586, 0.6658990043896537, 0.6665292950235938, 0.6699641553712959, 0.6733411731186068, 0.6802859009198952, 0.6704422533036285, 0.6812373689536962, 0.6772252395785927, 0.6841403696462651, 0.6874259291731336, 0.6884269413367712, 0.6833825747173704, 0.6836543321570112, 0.6875278649502519, 0.6808226699019913, 0.6817331365848814, 0.6860674628219665, 0.6833208059982343]
improve_ratio 1.0233230114498064